\BOOKMARK [0][-]{chapter.1}{Abk\374rzungsverzeichnis}{}% 1
\BOOKMARK [0][-]{section*.3}{Glossar}{}% 2
\BOOKMARK [0][-]{chapter.2}{Einleitung}{}% 3
\BOOKMARK [1][-]{section.2.1}{Arnold \046 Richter Cine Technik GmbH \046 Co. Betriebs KG}{chapter.2}% 4
\BOOKMARK [1][-]{section.2.2}{Kontext}{chapter.2}% 5
\BOOKMARK [2][-]{subsection.2.2.1}{Entwicklungsplattform}{section.2.2}% 6
\BOOKMARK [2][-]{subsection.2.2.2}{Bildkette}{section.2.2}% 7
\BOOKMARK [2][-]{subsection.2.2.3}{Implementierung}{section.2.2}% 8
\BOOKMARK [2][-]{subsection.2.2.4}{Problematiken}{section.2.2}% 9
\BOOKMARK [1][-]{section.2.3}{Konzept}{chapter.2}% 10
\BOOKMARK [0][-]{chapter.3}{Grundlagen Linux}{}% 11
\BOOKMARK [1][-]{section.3.1}{Linux - Kernel und Userspace}{chapter.3}% 12
\BOOKMARK [1][-]{section.3.2}{IO Control}{chapter.3}% 13
\BOOKMARK [1][-]{section.3.3}{Datenaustausch zwischen Kernel und Userspace}{chapter.3}% 14
\BOOKMARK [1][-]{section.3.4}{Plattformtreiber}{chapter.3}% 15
\BOOKMARK [2][-]{subsection.3.4.1}{Major- und Minornummern}{section.3.4}% 16
\BOOKMARK [1][-]{section.3.5}{Multifunction Device}{chapter.3}% 17
\BOOKMARK [0][-]{chapter.4}{FPGA Resource Abstraction}{}% 18
\BOOKMARK [1][-]{section.4.1}{Generischer Plattformtreiber}{chapter.4}% 19
\BOOKMARK [1][-]{section.4.2}{Konzeptionierung der IO Controls}{chapter.4}% 20
\BOOKMARK [1][-]{section.4.3}{Implementierung im Kernel}{chapter.4}% 21
\BOOKMARK [2][-]{subsection.4.3.1}{Anlegen der Ger\344te}{section.4.3}% 22
\BOOKMARK [2][-]{subsection.4.3.2}{\326ffnen und Schlie\337en der Ger\344te}{section.4.3}% 23
\BOOKMARK [1][-]{section.4.4}{Implementierung im Userspace}{chapter.4}% 24
\BOOKMARK [2][-]{subsection.4.4.1}{FRA Bibliothek}{section.4.4}% 25
\BOOKMARK [2][-]{subsection.4.4.2}{FRA Middleware}{section.4.4}% 26
\BOOKMARK [2][-]{subsection.4.4.3}{FRA Kernelbackend}{section.4.4}% 27
\BOOKMARK [1][-]{section.4.5}{Einbindung ins Geometrie Framework}{chapter.4}% 28
\BOOKMARK [0][-]{chapter.5}{Frameworktest}{}% 29
\BOOKMARK [1][-]{section.5.1}{Plattformunabh\344ngige Tests}{chapter.5}% 30
\BOOKMARK [1][-]{section.5.2}{Tools f\374r die Entwicklungsumgebung}{chapter.5}% 31
\BOOKMARK [0][-]{chapter.6}{Fazit und Ausblick}{}% 32
\BOOKMARK [1][-]{section.6.1}{Zusammenfassung der Ergebnisse}{chapter.6}% 33
\BOOKMARK [1][-]{section.6.2}{Ausblick}{chapter.6}% 34
\BOOKMARK [0][-]{appendix*.21}{Anhang}{}% 35
\BOOKMARK [1][-]{section.A.1}{Literaturverzeichnis}{appendix*.21}% 36
\BOOKMARK [1][-]{section.A.2}{Abbildungsverzeichnis}{appendix*.21}% 37
\BOOKMARK [1][-]{section.A.3}{Tabellenverzeichnis}{appendix*.21}% 38
